(node:15228) ExperimentalWarning: The ESM module loader is experimental.
(node:15228) ExperimentalWarning: --experimental-loader is an experimental feature. This feature could change at any time
[90mObtaining kernel info...[39m
[90mLoading configurations...[39m
[90mLoading configurations...[39m
(node:26424) ExperimentalWarning: The ESM module loader is experimental.
(node:26424) ExperimentalWarning: --experimental-loader is an experimental feature. This feature could change at any time
[90mObtaining kernel info...[39m
[90mLoading configurations...[39m
[90mLoading configurations...[39m
(node:14680) ExperimentalWarning: The ESM module loader is experimental.
(node:14680) ExperimentalWarning: --experimental-loader is an experimental feature. This feature could change at any time
[90mObtaining kernel info...[39m
[90mLoading configurations...[39m
[90mLoading configurations...[39m
(node:23512) ExperimentalWarning: The ESM module loader is experimental.
(node:23512) ExperimentalWarning: --experimental-loader is an experimental feature. This feature could change at any time
[90mObtaining kernel info...[39m
[90mLoading configurations...[39m
[90mLoading configurations...[39m
(node:26208) ExperimentalWarning: The ESM module loader is experimental.
(node:26208) ExperimentalWarning: --experimental-loader is an experimental feature. This feature could change at any time
[90mObtaining kernel info...[39m
[90mLoading configurations...[39m
[90mLoading configurations...[39m
(node:21144) ExperimentalWarning: The ESM module loader is experimental.
(node:21144) ExperimentalWarning: --experimental-loader is an experimental feature. This feature could change at any time
[90mObtaining kernel info...[39m
[90mLoading configurations...[39m
[90mLoading configurations...[39m
(node:22340) ExperimentalWarning: The ESM module loader is experimental.
(node:22340) ExperimentalWarning: --experimental-loader is an experimental feature. This feature could change at any time
[90mObtaining kernel info...[39m
[90mLoading configurations...[39m
[90mLoading configurations...[39m
(node:2472) ExperimentalWarning: The ESM module loader is experimental.
(node:2472) ExperimentalWarning: --experimental-loader is an experimental feature. This feature could change at any time
[90mObtaining kernel info...[39m
[90mLoading configurations...[39m
[90mLoading configurations...[39m
(node:14748) ExperimentalWarning: The ESM module loader is experimental.
(node:14748) ExperimentalWarning: --experimental-loader is an experimental feature. This feature could change at any time
[90mObtaining kernel info...[39m
[90mLoading configurations...[39m
[90mLoading configurations...[39m
(node:17700) ExperimentalWarning: The ESM module loader is experimental.
(node:17700) ExperimentalWarning: --experimental-loader is an experimental feature. This feature could change at any time
[90mObtaining kernel info...[39m
[90mLoading configurations...[39m
[90mLoading configurations...[39m
(node:24468) ExperimentalWarning: The ESM module loader is experimental.
(node:24468) ExperimentalWarning: --experimental-loader is an experimental feature. This feature could change at any time
[90mObtaining kernel info...[39m
[90mLoading configurations...[39m
[90mLoading configurations...[39m
(node:21100) ExperimentalWarning: The ESM module loader is experimental.
(node:21100) ExperimentalWarning: --experimental-loader is an experimental feature. This feature could change at any time
[90mObtaining kernel info...[39m
[90mLoading configurations...[39m
[90mLoading configurations...[39m
(node:8440) ExperimentalWarning: The ESM module loader is experimental.
(node:8440) ExperimentalWarning: --experimental-loader is an experimental feature. This feature could change at any time
[90mObtaining kernel info...[39m
[90mLoading configurations...[39m
[90mLoading configurations...[39m
(node:21444) ExperimentalWarning: The ESM module loader is experimental.
(node:21444) ExperimentalWarning: --experimental-loader is an experimental feature. This feature could change at any time
[90mObtaining kernel info...[39m
[90mLoading configurations...[39m
[90mLoading configurations...[39m
(node:10756) ExperimentalWarning: The ESM module loader is experimental.
(node:10756) ExperimentalWarning: --experimental-loader is an experimental feature. This feature could change at any time
[90mObtaining kernel info...[39m
[90mLoading configurations...[39m
[90mLoading configurations...[39m
(node:11996) ExperimentalWarning: The ESM module loader is experimental.
(node:11996) ExperimentalWarning: --experimental-loader is an experimental feature. This feature could change at any time
[90mObtaining kernel info...[39m
[90mLoading configurations...[39m
[90mLoading configurations...[39m
(node:15136) ExperimentalWarning: The ESM module loader is experimental.
(node:15136) ExperimentalWarning: --experimental-loader is an experimental feature. This feature could change at any time
[90mObtaining kernel info...[39m
[90mLoading configurations...[39m
[90mLoading configurations...[39m
(node:8256) ExperimentalWarning: The ESM module loader is experimental.
(node:8256) ExperimentalWarning: --experimental-loader is an experimental feature. This feature could change at any time
[90mObtaining kernel info...[39m
[90mLoading configurations...[39m
[90mLoading configurations...[39m
(node:14620) ExperimentalWarning: The ESM module loader is experimental.
(node:14620) ExperimentalWarning: --experimental-loader is an experimental feature. This feature could change at any time
[90mObtaining kernel info...[39m
[90mLoading configurations...[39m
[90mLoading configurations...[39m
(node:27324) ExperimentalWarning: The ESM module loader is experimental.
(node:27324) ExperimentalWarning: --experimental-loader is an experimental feature. This feature could change at any time
[90mObtaining kernel info...[39m
[90mLoading configurations...[39m
[90mLoading configurations...[39m
(node:12860) ExperimentalWarning: The ESM module loader is experimental.
(node:12860) ExperimentalWarning: --experimental-loader is an experimental feature. This feature could change at any time
[90mObtaining kernel info...[39m
[90mLoading configurations...[39m
[90mLoading configurations...[39m
(node:5004) ExperimentalWarning: The ESM module loader is experimental.
(node:5004) ExperimentalWarning: --experimental-loader is an experimental feature. This feature could change at any time
[90mObtaining kernel info...[39m
[90mLoading configurations...[39m
[90mLoading configurations...[39m
(node:9048) ExperimentalWarning: The ESM module loader is experimental.
(node:9048) ExperimentalWarning: --experimental-loader is an experimental feature. This feature could change at any time
[90mObtaining kernel info...[39m
[90mLoading configurations...[39m
[90mLoading configurations...[39m
(node:4224) ExperimentalWarning: The ESM module loader is experimental.
(node:4224) ExperimentalWarning: --experimental-loader is an experimental feature. This feature could change at any time
[90mObtaining kernel info...[39m
[90mLoading configurations...[39m
[90mLoading configurations...[39m
(node:9260) ExperimentalWarning: The ESM module loader is experimental.
(node:9260) ExperimentalWarning: --experimental-loader is an experimental feature. This feature could change at any time
[90mObtaining kernel info...[39m
[90mLoading configurations...[39m
[90mLoading configurations...[39m
(node:21992) ExperimentalWarning: The ESM module loader is experimental.
(node:21992) ExperimentalWarning: --experimental-loader is an experimental feature. This feature could change at any time
[90mObtaining kernel info...[39m
[90mLoading configurations...[39m
[90mLoading configurations...[39m
(node:24228) ExperimentalWarning: The ESM module loader is experimental.
(node:24228) ExperimentalWarning: --experimental-loader is an experimental feature. This feature could change at any time
[90mObtaining kernel info...[39m
[90mLoading configurations...[39m
[90mLoading configurations...[39m
(node:16056) ExperimentalWarning: The ESM module loader is experimental.
(node:16056) ExperimentalWarning: --experimental-loader is an experimental feature. This feature could change at any time
[90mObtaining kernel info...[39m
[90mLoading configurations...[39m
[90mLoading configurations...[39m
(node:21444) ExperimentalWarning: The ESM module loader is experimental.
(node:21444) ExperimentalWarning: --experimental-loader is an experimental feature. This feature could change at any time
[90mObtaining kernel info...[39m
[90mLoading configurations...[39m
[90mLoading configurations...[39m
(node:6164) ExperimentalWarning: The ESM module loader is experimental.
(node:6164) ExperimentalWarning: --experimental-loader is an experimental feature. This feature could change at any time
[90mObtaining kernel info...[39m
[90mLoading configurations...[39m
[90mLoading configurations...[39m
(node:3828) ExperimentalWarning: The ESM module loader is experimental.
(node:3828) ExperimentalWarning: --experimental-loader is an experimental feature. This feature could change at any time
[90mObtaining kernel info...[39m
[90mLoading configurations...[39m
[90mLoading configurations...[39m
(node:5872) ExperimentalWarning: The ESM module loader is experimental.
(node:5872) ExperimentalWarning: --experimental-loader is an experimental feature. This feature could change at any time
[90mObtaining kernel info...[39m
[90mLoading configurations...[39m
[90mLoading configurations...[39m
(node:11392) ExperimentalWarning: The ESM module loader is experimental.
(node:11392) ExperimentalWarning: --experimental-loader is an experimental feature. This feature could change at any time
[90mObtaining kernel info...[39m
[90mLoading configurations...[39m
[90mLoading configurations...[39m
Unhandled rejection is received!
    Error: endpoint is not defined
    Stack: {
        LeaveMessage (file:///E:/purimize/CP/NodeSRC/PrinceDrivingSchool/root/api/board.mjs:76:2)
        processTicksAndRejections (internal/process/task_queues.js:93:5)
        async file:///E:/purimize/CP/NodeSRC/PrinceDrivingSchool/node_modules/extes/function.esm.js:74:16
    }
(node:13972) ExperimentalWarning: The ESM module loader is experimental.
(node:13972) ExperimentalWarning: --experimental-loader is an experimental feature. This feature could change at any time
[90mObtaining kernel info...[39m
[90mLoading configurations...[39m
[90mLoading configurations...[39m
(node:26128) ExperimentalWarning: The ESM module loader is experimental.
(node:26128) ExperimentalWarning: --experimental-loader is an experimental feature. This feature could change at any time
[90mObtaining kernel info...[39m
[90mLoading configurations...[39m
[90mLoading configurations...[39m
(node:9208) ExperimentalWarning: The ESM module loader is experimental.
(node:9208) ExperimentalWarning: --experimental-loader is an experimental feature. This feature could change at any time
[90mObtaining kernel info...[39m
[90mLoading configurations...[39m
[90mLoading configurations...[39m
(node:24924) ExperimentalWarning: The ESM module loader is experimental.
(node:24924) ExperimentalWarning: --experimental-loader is an experimental feature. This feature could change at any time
[90mObtaining kernel info...[39m
[90mLoading configurations...[39m
[90mLoading configurations...[39m
(node:22348) ExperimentalWarning: The ESM module loader is experimental.
(node:22348) ExperimentalWarning: --experimental-loader is an experimental feature. This feature could change at any time
[90mObtaining kernel info...[39m
[90mLoading configurations...[39m
[90mLoading configurations...[39m
(node:8204) ExperimentalWarning: The ESM module loader is experimental.
(node:8204) ExperimentalWarning: --experimental-loader is an experimental feature. This feature could change at any time
[90mObtaining kernel info...[39m
[90mLoading configurations...[39m
[90mLoading configurations...[39m
(node:10752) ExperimentalWarning: The ESM module loader is experimental.
(node:10752) ExperimentalWarning: --experimental-loader is an experimental feature. This feature could change at any time
[90mObtaining kernel info...[39m
[90mLoading configurations...[39m
[90mLoading configurations...[39m
